<?xml version="1.0" encoding="UTF-8"?>
<!-- Generated by org.testng.reporters.JUnitReportReporter -->
<testsuite hostname="DESKTOP-0PSKBV2" failures="0" tests="3" name="Module1_Test.Adactin_Testclass" time="53.332" errors="0" timestamp="2023-09-18T13:09:18 IST" skipped="0">
  <testcase classname="Module1_Test.Adactin_Testclass" name="VerifyUN" time="8.395"/>
  <testcase classname="Module1_Test.Adactin_Testclass" name="getTitleOfApp" time="16.536"/>
  <testcase classname="Module1_Test.Adactin_Testclass" name="BookHotel" time="28.401"/>
</testsuite> <!-- Module1_Test.Adactin_Testclass -->
